<?xml version="1.0" encoding="UTF-8"?>
<testsuite xmlns:xsi="http://www.w3.org/2001/XMLSchema-instance" xsi:noNamespaceSchemaLocation="https://maven.apache.org/surefire/maven-surefire-plugin/xsd/surefire-test-report.xsd" name="TestSuite" time="190.85" tests="5" errors="0" skipped="0" failures="1">
  <properties>
[...]
</properties>
  <testcase name="RegisterUserShouldBeAbleToReferAProduct" classname="FeatureNOP.TestSuit" time="11.482"/>
  <testcase name="UnregisterUserCanNotSendReferAProduct" classname="FeatureNOP.TestSuit" time="9.266"/>
  <testcase name="UserShouldAbleBuyProductAsAGuest" classname="FeatureNOP.TestSuit" time="13.517"/>
  <testcase name="UserShouldBeAbleTORegisterSuccessfully" classname="FeatureNOP.TestSuit" time="13.33">
    <failure message="Expected condition failed: waiting for visibility of element located by By.xpath: //div[@class=&quot;result&quot;] (tried for 10 second(s) with 500 milliseconds interval)" type="org.openqa.selenium.TimeoutException">org.openqa.selenium.TimeoutException: Expected condition failed: waiting for visibility of element located by By.xpath: //div[@class="result"] (tried for 10 second(s) with 500 milliseconds interval)
	at FeatureNOP.TestSuit.UserShouldBeAbleTORegisterSuccessfully(TestSuit.java:25)
Caused by: org.openqa.selenium.NoSuchElementException: 
no such element: Unable to locate element: {"method":"xpath","selector":"//div[@class="result"]"}
  (Session info: chrome=77.0.3865.120)
For documentation on this error, please visit: https://www.seleniumhq.org/exceptions/no_such_element.html
Build info: version: '3.141.59', revision: 'e82be7d358', time: '2018-11-14T08:17:03'
System info: host: 'DESKTOP-M4VED3K', ip: '192.168.0.9', os.name: 'Windows 10', os.arch: 'amd64', os.version: '10.0', java.version: '1.8.0_211'
Driver info: org.openqa.selenium.chrome.ChromeDriver
Capabilities {acceptInsecureCerts: false, browserName: chrome, browserVersion: 77.0.3865.120, chrome: {chromedriverVersion: 76.0.3809.126 (d80a294506b4..., userDataDir: C:\Users\seema\AppData\Loca...}, goog:chromeOptions: {debuggerAddress: localhost:51517}, javascriptEnabled: true, networkConnectionEnabled: false, pageLoadStrategy: normal, platform: XP, platformName: XP, proxy: Proxy(), setWindowRect: true, strictFileInteractability: false, timeouts: {implicit: 0, pageLoad: 300000, script: 30000}, unhandledPromptBehavior: dismiss and notify}
Session ID: c84e24bd33a4b22c13de359c50917dad
*** Element info: {Using=xpath, value=//div[@class="result"]}
	at FeatureNOP.TestSuit.UserShouldBeAbleTORegisterSuccessfully(TestSuit.java:25)
</failure>
    <system-err><![CDATA[Starting ChromeDriver 76.0.3809.126 (d80a294506b4c9d18015e755cee48f953ddc3f2f-refs/branch-heads/3809@{#1024}) on port 41410
Only local connections are allowed.
Please protect ports used by ChromeDriver and related test frameworks to prevent access by malicious code.
[1571256284.362][WARNING]: This version of ChromeDriver has not been tested with Chrome version 77.
Oct 16, 2019 9:04:45 PM org.openqa.selenium.remote.ProtocolHandshake createSession
INFO: Detected dialect: W3C
]]></system-err>
  </testcase>
  <testcase name="UserShouldBuyAProductSuccessfullyWithMasterCard" classname="FeatureNOP.TestSuit" time="16.06"/>
</testsuite>